<?xml version="1.0" encoding="UTF-8"?>
<testsuite xmlns:xsi="http://www.w3.org/2001/XMLSchema-instance" xsi:noNamespaceSchemaLocation="https://maven.apache.org/surefire/maven-surefire-plugin/xsd/surefire-test-report-3.0.xsd" version="3.0" name="com.bank.management.BankManagementApplicationTests" time="5.059" tests="1" errors="0" skipped="0" failures="0">
  <properties>
[...]
</properties>
  <testcase name="contextLoads" classname="com.bank.management.BankManagementApplicationTests" time="0.007">
    <system-out><![CDATA[2024-06-10T01:05:25.317-05:00  INFO 22596 --- [           main] t.c.s.AnnotationConfigContextLoaderUtils : Could not detect default configuration classes for test class [com.bank.management.BankManagementApplicationTests]: BankManagementApplicationTests does not declare any static, non-private, non-final, nested classes annotated with @Configuration.
2024-06-10T01:05:25.323-05:00  INFO 22596 --- [           main] .b.t.c.SpringBootTestContextBootstrapper : Found @SpringBootConfiguration com.bank.management.BankManagementApplication for test class com.bank.management.BankManagementApplicationTests
2024-06-10T01:05:25.354-05:00  INFO 22596 --- [           main] o.s.b.d.r.RestartApplicationListener     : Restart disabled due to context in which it is running

  .   ____          _            __ _ _
 /\\ / ___'_ __ _ _(_)_ __  __ _ \ \ \ \
( ( )\___ | '_ | '_| | '_ \/ _` | \ \ \ \
 \\/  ___)| |_)| | | | | || (_| |  ) ) ) )
  '  |____| .__|_| |_|_| |_\__, | / / / /
 =========|_|==============|___/=/_/_/_/
 :: Spring Boot ::                (v3.2.4)

2024-06-10T01:05:25.422-05:00  INFO 22596 --- [           main] c.b.m.BankManagementApplicationTests     : Starting BankManagementApplicationTests using Java 21.0.1 with PID 22596 (started by VINOD SHARMA in F:\Depaul study\Quarter 3\SE 452 Object Oriented Enterprise computing\Project code\se452-banking-management-system\se452-banking-management-system\Bank-Management)
2024-06-10T01:05:25.422-05:00  INFO 22596 --- [           main] c.b.m.BankManagementApplicationTests     : The following 1 profile is active: "dev"
2024-06-10T01:05:26.048-05:00  INFO 22596 --- [           main] .s.d.r.c.RepositoryConfigurationDelegate : Multiple Spring Data modules found, entering strict repository configuration mode
2024-06-10T01:05:26.049-05:00  INFO 22596 --- [           main] .s.d.r.c.RepositoryConfigurationDelegate : Bootstrapping Spring Data JPA repositories in DEFAULT mode.
2024-06-10T01:05:26.058-05:00  INFO 22596 --- [           main] .RepositoryConfigurationExtensionSupport : Spring Data JPA - Could not safely identify store assignment for repository candidate interface com.bank.management.signup.SignupRepository; If you want this repository to be a JPA repository, consider annotating your entities with one of these annotations: jakarta.persistence.Entity, jakarta.persistence.MappedSuperclass (preferred), or consider extending one of the following types with your repository: org.springframework.data.jpa.repository.JpaRepository
2024-06-10T01:05:26.071-05:00  INFO 22596 --- [           main] .s.d.r.c.RepositoryConfigurationDelegate : Finished Spring Data repository scanning in 22 ms. Found 9 JPA repository interfaces.
2024-06-10T01:05:26.116-05:00  INFO 22596 --- [           main] .s.d.r.c.RepositoryConfigurationDelegate : Multiple Spring Data modules found, entering strict repository configuration mode
2024-06-10T01:05:26.117-05:00  INFO 22596 --- [           main] .s.d.r.c.RepositoryConfigurationDelegate : Bootstrapping Spring Data MongoDB repositories in DEFAULT mode.
2024-06-10T01:05:26.121-05:00  INFO 22596 --- [           main] .RepositoryConfigurationExtensionSupport : Spring Data MongoDB - Could not safely identify store assignment for repository candidate interface com.bank.management.account.AccountRepository; If you want this repository to be a MongoDB repository, consider annotating your entities with one of these annotations: org.springframework.data.mongodb.core.mapping.Document (preferred), or consider extending one of the following types with your repository: org.springframework.data.mongodb.repository.MongoRepository
2024-06-10T01:05:26.121-05:00  INFO 22596 --- [           main] .RepositoryConfigurationExtensionSupport : Spring Data MongoDB - Could not safely identify store assignment for repository candidate interface com.bank.management.balanceEnquiry.BalanceEnquiryRepository; If you want this repository to be a MongoDB repository, consider annotating your entities with one of these annotations: org.springframework.data.mongodb.core.mapping.Document (preferred), or consider extending one of the following types with your repository: org.springframework.data.mongodb.repository.MongoRepository
2024-06-10T01:05:26.121-05:00  INFO 22596 --- [           main] .RepositoryConfigurationExtensionSupport : Spring Data MongoDB - Could not safely identify store assignment for repository candidate interface com.bank.management.dashBoard.DashboardRepository; If you want this repository to be a MongoDB repository, consider annotating your entities with one of these annotations: org.springframework.data.mongodb.core.mapping.Document (preferred), or consider extending one of the following types with your repository: org.springframework.data.mongodb.repository.MongoRepository
2024-06-10T01:05:26.122-05:00  INFO 22596 --- [           main] .RepositoryConfigurationExtensionSupport : Spring Data MongoDB - Could not safely identify store assignment for repository candidate interface com.bank.management.deposit.DepositRepository; If you want this repository to be a MongoDB repository, consider annotating your entities with one of these annotations: org.springframework.data.mongodb.core.mapping.Document (preferred), or consider extending one of the following types with your repository: org.springframework.data.mongodb.repository.MongoRepository
2024-06-10T01:05:26.122-05:00  INFO 22596 --- [           main] .RepositoryConfigurationExtensionSupport : Spring Data MongoDB - Could not safely identify store assignment for repository candidate interface com.bank.management.feedback.FeedbackRepository; If you want this repository to be a MongoDB repository, consider annotating your entities with one of these annotations: org.springframework.data.mongodb.core.mapping.Document (preferred), or consider extending one of the following types with your repository: org.springframework.data.mongodb.repository.MongoRepository
2024-06-10T01:05:26.122-05:00  INFO 22596 --- [           main] .RepositoryConfigurationExtensionSupport : Spring Data MongoDB - Could not safely identify store assignment for repository candidate interface com.bank.management.settings.SettingsRepository; If you want this repository to be a MongoDB repository, consider annotating your entities with one of these annotations: org.springframework.data.mongodb.core.mapping.Document (preferred), or consider extending one of the following types with your repository: org.springframework.data.mongodb.repository.MongoRepository
2024-06-10T01:05:26.123-05:00  INFO 22596 --- [           main] .RepositoryConfigurationExtensionSupport : Spring Data MongoDB - Could not safely identify store assignment for repository candidate interface com.bank.management.transactionHistory.TransactionHistoryRepository; If you want this repository to be a MongoDB repository, consider annotating your entities with one of these annotations: org.springframework.data.mongodb.core.mapping.Document (preferred), or consider extending one of the following types with your repository: org.springframework.data.mongodb.repository.MongoRepository
2024-06-10T01:05:26.123-05:00  INFO 22596 --- [           main] .RepositoryConfigurationExtensionSupport : Spring Data MongoDB - Could not safely identify store assignment for repository candidate interface com.bank.management.user.UserRepository; If you want this repository to be a MongoDB repository, consider annotating your entities with one of these annotations: org.springframework.data.mongodb.core.mapping.Document (preferred), or consider extending one of the following types with your repository: org.springframework.data.mongodb.repository.MongoRepository
2024-06-10T01:05:26.123-05:00  INFO 22596 --- [           main] .RepositoryConfigurationExtensionSupport : Spring Data MongoDB - Could not safely identify store assignment for repository candidate interface com.bank.management.withdraw.WithdrawRepository; If you want this repository to be a MongoDB repository, consider annotating your entities with one of these annotations: org.springframework.data.mongodb.core.mapping.Document (preferred), or consider extending one of the following types with your repository: org.springframework.data.mongodb.repository.MongoRepository
2024-06-10T01:05:26.128-05:00  INFO 22596 --- [           main] .s.d.r.c.RepositoryConfigurationDelegate : Finished Spring Data repository scanning in 11 ms. Found 1 MongoDB repository interface.
2024-06-10T01:05:26.437-05:00  INFO 22596 --- [           main] o.h.j.i.u.LogHelper                      : HHH000204: Processing PersistenceUnitInfo [name: default]
2024-06-10T01:05:26.441-05:00  INFO 22596 --- [           main] o.h.c.i.RegionFactoryInitiator           : HHH000026: Second-level cache disabled
2024-06-10T01:05:26.461-05:00  INFO 22596 --- [           main] o.s.o.j.p.SpringPersistenceUnitInfo      : No LoadTimeWeaver setup: ignoring JPA class transformer
2024-06-10T01:05:26.470-05:00  INFO 22596 --- [           main] c.z.h.HikariDataSource                   : HikariPool-1 - Starting...
2024-06-10T01:05:26.808-05:00  INFO 22596 --- [           main] c.z.h.p.HikariPool                       : HikariPool-1 - Added connection org.postgresql.jdbc.PgConnection@178be8fc
2024-06-10T01:05:26.810-05:00  INFO 22596 --- [           main] c.z.h.HikariDataSource                   : HikariPool-1 - Start completed.
2024-06-10T01:05:27.136-05:00  INFO 22596 --- [           main] o.h.e.t.j.p.i.JtaPlatformInitiator       : HHH000489: No JTA platform available (set 'hibernate.transaction.jta.platform' to enable JTA platform integration)
Hibernate: 
    drop table if exists account cascade
Hibernate: 
    drop table if exists balance_enquiry cascade
Hibernate: 
    drop table if exists customer cascade
Hibernate: 
    drop table if exists dashboard cascade
Hibernate: 
    drop table if exists deposit cascade
Hibernate: 
    drop table if exists feedback cascade
Hibernate: 
    drop table if exists settings cascade
Hibernate: 
    drop table if exists transaction cascade
Hibernate: 
    drop table if exists transaction_history cascade
Hibernate: 
    drop table if exists users cascade
Hibernate: 
    drop table if exists withdraw cascade
Hibernate: 
    create table account (
        balance float(53),
        account_id bigserial not null,
        creation_date timestamp(6),
        account_number varchar(255) unique,
        account_type varchar(255),
        primary key (account_id)
    )
Hibernate: 
    create table balance_enquiry (
        balance float(53) not null,
        account_id bigserial not null,
        account_number varchar(255) not null unique,
        currency varchar(255) not null,
        primary key (account_id)
    )
Hibernate: 
    create table customer (
        customer_id bigserial not null,
        address varchar(255),
        first_name varchar(255),
        last_name varchar(255),
        zip_code varchar(255),
        primary key (customer_id)
    )
Hibernate: 
    create table dashboard (
        number_of_transactions integer,
        number_of_withdrawals integer,
        total_balance float(53),
        total_deposits float(53),
        id bigserial not null,
        primary key (id)
    )
Hibernate: 
    create table deposit (
        amount float(53),
        deposit_id bigserial not null,
        account_number varchar(255),
        deposit_date varchar(255),
        notes varchar(255),
        transaction_number varchar(255),
        primary key (deposit_id)
    )
Hibernate: 
    create table feedback (
        customer_name integer,
        phone_number float(53),
        account_id bigserial not null,
        customer_email varchar(255),
        explanation varchar(255),
        primary key (account_id)
    )
Hibernate: 
    create table settings (
        customer_name integer,
        phone_number float(53),
        account_id bigserial not null,
        annual_income timestamp(6),
        customer_address varchar(255),
        email_address varchar(255),
        primary key (account_id)
    )
Hibernate: 
    create table transaction (
        amount float(53),
        transaction_number integer,
        transaction_date DATE,
        transaction_id bigserial not null,
        account_number varchar(255),
        notes varchar(255),
        transaction_type varchar(255),
        primary key (transaction_id)
    )
Hibernate: 
    create table transaction_history (
        amount float(53),
        timestamp timestamp(6),
        transaction_id bigserial not null,
        account_number varchar(255),
        transaction_number varchar(255),
        transaction_type varchar(255),
        primary key (transaction_id)
    )
Hibernate: 
    create table users (
        id bigserial not null,
        email varchar(255),
        full_name varchar(255) not null,
        username varchar(255) not null unique,
        primary key (id)
    )
Hibernate: 
    create table withdraw (
        amount float(53),
        withdraw_id bigserial not null,
        account_number varchar(255),
        notes varchar(255),
        transaction_number varchar(255),
        withdrawal_date varchar(255),
        withdrawal_type varchar(255),
        primary key (withdraw_id)
    )
2024-06-10T01:05:27.393-05:00  INFO 22596 --- [           main] j.LocalContainerEntityManagerFactoryBean : Initialized JPA EntityManagerFactory for persistence unit 'default'
2024-06-10T01:05:29.034-05:00  INFO 22596 --- [0hg.mongodb.net] o.m.d.cluster                            : Adding discovered server ac-8rgwxs2-shard-00-01.oxmf0hg.mongodb.net:27017 to client view of cluster
2024-06-10T01:05:29.040-05:00  INFO 22596 --- [           main] o.m.d.client                             : MongoClient with metadata {"application": {"name": "se452"}, "driver": {"name": "mongo-java-driver|sync|spring-boot", "version": "4.11.1"}, "os": {"type": "Windows", "name": "Windows 11", "architecture": "amd64", "version": "10.0"}, "platform": "Java/Oracle Corporation/21.0.1+12-LTS-29"} created with settings MongoClientSettings{readPreference=primary, writeConcern=WriteConcern{w=majority, wTimeout=null ms, journal=null}, retryWrites=true, retryReads=true, readConcern=ReadConcern{level=null}, credential=MongoCredential{mechanism=null, userName='vinodsharma80989', source='admin', password=<hidden>, mechanismProperties=<hidden>}, transportSettings=null, streamFactoryFactory=null, commandListeners=[], codecRegistry=ProvidersCodecRegistry{codecProviders=[ValueCodecProvider{}, BsonValueCodecProvider{}, DBRefCodecProvider{}, DBObjectCodecProvider{}, DocumentCodecProvider{}, CollectionCodecProvider{}, IterableCodecProvider{}, MapCodecProvider{}, GeoJsonCodecProvider{}, GridFSFileCodecProvider{}, Jsr310CodecProvider{}, JsonObjectCodecProvider{}, BsonCodecProvider{}, EnumCodecProvider{}, com.mongodb.client.model.mql.ExpressionCodecProvider@2d3697ae, com.mongodb.Jep395RecordCodecProvider@2a64c8c3, com.mongodb.KotlinCodecProvider@20c642ef]}, loggerSettings=LoggerSettings{maxDocumentLength=1000}, clusterSettings={hosts=[127.0.0.1:27017], srvHost=se452.oxmf0hg.mongodb.net, srvServiceName=mongodb, mode=MULTIPLE, requiredClusterType=REPLICA_SET, requiredReplicaSetName='atlas-28rahn-shard-0', serverSelector='null', clusterListeners='[]', serverSelectionTimeout='30000 ms', localThreshold='15 ms'}, socketSettings=SocketSettings{connectTimeoutMS=10000, readTimeoutMS=0, receiveBufferSize=0, proxySettings=ProxySettings{host=null, port=null, username=null, password=null}}, heartbeatSocketSettings=SocketSettings{connectTimeoutMS=10000, readTimeoutMS=10000, receiveBufferSize=0, proxySettings=ProxySettings{host=null, port=null, username=null, password=null}}, connectionPoolSettings=ConnectionPoolSettings{maxSize=100, minSize=0, maxWaitTimeMS=120000, maxConnectionLifeTimeMS=0, maxConnectionIdleTimeMS=0, maintenanceInitialDelayMS=0, maintenanceFrequencyMS=60000, connectionPoolListeners=[], maxConnecting=2}, serverSettings=ServerSettings{heartbeatFrequencyMS=10000, minHeartbeatFrequencyMS=500, serverListeners='[]', serverMonitorListeners='[]'}, sslSettings=SslSettings{enabled=true, invalidHostNameAllowed=false, context=null}, applicationName='se452', compressorList=[], uuidRepresentation=JAVA_LEGACY, serverApi=null, autoEncryptionSettings=null, dnsClient=null, inetAddressResolver=null, contextProvider=null}
2024-06-10T01:05:29.089-05:00  INFO 22596 --- [0hg.mongodb.net] o.m.d.cluster                            : Adding discovered server ac-8rgwxs2-shard-00-00.oxmf0hg.mongodb.net:27017 to client view of cluster
2024-06-10T01:05:29.092-05:00  INFO 22596 --- [0hg.mongodb.net] o.m.d.cluster                            : Adding discovered server ac-8rgwxs2-shard-00-02.oxmf0hg.mongodb.net:27017 to client view of cluster
2024-06-10T01:05:29.705-05:00  WARN 22596 --- [           main] JpaBaseConfiguration$JpaWebConfiguration : spring.jpa.open-in-view is enabled by default. Therefore, database queries may be performed during view rendering. Explicitly configure spring.jpa.open-in-view to disable this warning
2024-06-10T01:05:30.226-05:00  INFO 22596 --- [ngodb.net:27017] o.m.d.cluster                            : Monitor thread successfully connected to server with description ServerDescription{address=ac-8rgwxs2-shard-00-02.oxmf0hg.mongodb.net:27017, type=REPLICA_SET_SECONDARY, state=CONNECTED, ok=true, minWireVersion=0, maxWireVersion=21, maxDocumentSize=16777216, logicalSessionTimeoutMinutes=30, roundTripTimeNanos=646510600, setName='atlas-28rahn-shard-0', canonicalAddress=ac-8rgwxs2-shard-00-02.oxmf0hg.mongodb.net:27017, hosts=[ac-8rgwxs2-shard-00-00.oxmf0hg.mongodb.net:27017, ac-8rgwxs2-shard-00-01.oxmf0hg.mongodb.net:27017, ac-8rgwxs2-shard-00-02.oxmf0hg.mongodb.net:27017], passives=[], arbiters=[], primary='ac-8rgwxs2-shard-00-01.oxmf0hg.mongodb.net:27017', tagSet=TagSet{[Tag{name='diskState', value='READY'}, Tag{name='nodeType', value='ELECTABLE'}, Tag{name='provider', value='AZURE'}, Tag{name='region', value='US_WEST'}, Tag{name='workloadType', value='OPERATIONAL'}]}, electionId=null, setVersion=5, topologyVersion=TopologyVersion{processId=6661f35dbab5b9181ea24a60, counter=3}, lastWriteDate=Mon Jun 10 01:05:29 CDT 2024, lastUpdateTimeNanos=250026996133200}
2024-06-10T01:05:30.226-05:00  INFO 22596 --- [ngodb.net:27017] o.m.d.cluster                            : Monitor thread successfully connected to server with description ServerDescription{address=ac-8rgwxs2-shard-00-01.oxmf0hg.mongodb.net:27017, type=REPLICA_SET_PRIMARY, state=CONNECTED, ok=true, minWireVersion=0, maxWireVersion=21, maxDocumentSize=16777216, logicalSessionTimeoutMinutes=30, roundTripTimeNanos=646340500, setName='atlas-28rahn-shard-0', canonicalAddress=ac-8rgwxs2-shard-00-01.oxmf0hg.mongodb.net:27017, hosts=[ac-8rgwxs2-shard-00-00.oxmf0hg.mongodb.net:27017, ac-8rgwxs2-shard-00-01.oxmf0hg.mongodb.net:27017, ac-8rgwxs2-shard-00-02.oxmf0hg.mongodb.net:27017], passives=[], arbiters=[], primary='ac-8rgwxs2-shard-00-01.oxmf0hg.mongodb.net:27017', tagSet=TagSet{[Tag{name='diskState', value='READY'}, Tag{name='nodeType', value='ELECTABLE'}, Tag{name='provider', value='AZURE'}, Tag{name='region', value='US_WEST'}, Tag{name='workloadType', value='OPERATIONAL'}]}, electionId=7fffffff0000000000000092, setVersion=5, topologyVersion=TopologyVersion{processId=6661f08fef80a91e4c78019d, counter=6}, lastWriteDate=Mon Jun 10 01:05:29 CDT 2024, lastUpdateTimeNanos=250026995967400}
2024-06-10T01:05:30.226-05:00  INFO 22596 --- [ngodb.net:27017] o.m.d.cluster                            : Monitor thread successfully connected to server with description ServerDescription{address=ac-8rgwxs2-shard-00-00.oxmf0hg.mongodb.net:27017, type=REPLICA_SET_SECONDARY, state=CONNECTED, ok=true, minWireVersion=0, maxWireVersion=21, maxDocumentSize=16777216, logicalSessionTimeoutMinutes=30, roundTripTimeNanos=646261200, setName='atlas-28rahn-shard-0', canonicalAddress=ac-8rgwxs2-shard-00-00.oxmf0hg.mongodb.net:27017, hosts=[ac-8rgwxs2-shard-00-00.oxmf0hg.mongodb.net:27017, ac-8rgwxs2-shard-00-01.oxmf0hg.mongodb.net:27017, ac-8rgwxs2-shard-00-02.oxmf0hg.mongodb.net:27017], passives=[], arbiters=[], primary='ac-8rgwxs2-shard-00-01.oxmf0hg.mongodb.net:27017', tagSet=TagSet{[Tag{name='diskState', value='READY'}, Tag{name='nodeType', value='ELECTABLE'}, Tag{name='provider', value='AZURE'}, Tag{name='region', value='US_WEST'}, Tag{name='workloadType', value='OPERATIONAL'}]}, electionId=null, setVersion=5, topologyVersion=TopologyVersion{processId=6661ee44f13974c1e8bd8b43, counter=4}, lastWriteDate=Mon Jun 10 01:05:29 CDT 2024, lastUpdateTimeNanos=250026995967300}
2024-06-10T01:05:30.236-05:00  INFO 22596 --- [ngodb.net:27017] o.m.d.cluster                            : Discovered replica set primary ac-8rgwxs2-shard-00-01.oxmf0hg.mongodb.net:27017 with max election id 7fffffff0000000000000092 and max set version 5
2024-06-10T01:05:30.344-05:00  INFO 22596 --- [           main] c.b.m.BankManagementApplicationTests     : Started BankManagementApplicationTests in 4.991 seconds (process running for 13.907)
]]></system-out>
  </testcase>
</testsuite>