<?xml version="1.0" encoding="UTF-8"?>
<testsuite xmlns:xsi="http://www.w3.org/2001/XMLSchema-instance" xsi:noNamespaceSchemaLocation="https://maven.apache.org/surefire/maven-surefire-plugin/xsd/surefire-test-report-3.0.xsd" version="3.0" name="com.bank.management.LoginTest" time="0.308" tests="3" errors="0" skipped="0" failures="0">
  <properties>
[...]
</properties>
  <testcase name="testAuthenticate_WithNonExistentUser_ReturnsFalse" classname="com.bank.management.LoginTest" time="0.298"/>
  <testcase name="testAuthenticate_WithValidLogin_ReturnsTrue" classname="com.bank.management.LoginTest" time="0.003"/>
  <testcase name="testAuthenticate_WithInvalidLogin_ReturnsFalse" classname="com.bank.management.LoginTest" time="0.003"/>
</testsuite>