<?xml version="1.0" encoding="UTF-8"?>
<testsuite xmlns:xsi="http://www.w3.org/2001/XMLSchema-instance" xsi:noNamespaceSchemaLocation="https://maven.apache.org/surefire/maven-surefire-plugin/xsd/surefire-test-report-3.0.xsd" version="3.0" name="com.bank.management.BankManagementApplicationTests" time="2.629" tests="1" errors="0" skipped="0" failures="0">
  <properties>
[...]
</properties>
  <testcase name="contextLoads" classname="com.bank.management.BankManagementApplicationTests" time="0.008">
    <system-out><![CDATA[2024-06-07T03:20:07.279-05:00  INFO 32452 --- [           main] t.c.s.AnnotationConfigContextLoaderUtils : Could not detect default configuration classes for test class [com.bank.management.BankManagementApplicationTests]: BankManagementApplicationTests does not declare any static, non-private, non-final, nested classes annotated with @Configuration.
2024-06-07T03:20:07.283-05:00  INFO 32452 --- [           main] .b.t.c.SpringBootTestContextBootstrapper : Found @SpringBootConfiguration com.bank.management.BankManagementApplication for test class com.bank.management.BankManagementApplicationTests
2024-06-07T03:20:07.300-05:00  INFO 32452 --- [           main] o.s.b.d.r.RestartApplicationListener     : Restart disabled due to context in which it is running

  .   ____          _            __ _ _
 /\\ / ___'_ __ _ _(_)_ __  __ _ \ \ \ \
( ( )\___ | '_ | '_| | '_ \/ _` | \ \ \ \
 \\/  ___)| |_)| | | | | || (_| |  ) ) ) )
  '  |____| .__|_| |_|_| |_\__, | / / / /
 =========|_|==============|___/=/_/_/_/
 :: Spring Boot ::                (v3.2.4)

2024-06-07T03:20:07.373-05:00  INFO 32452 --- [           main] c.b.m.BankManagementApplicationTests     : Starting BankManagementApplicationTests using Java 21.0.1 with PID 32452 (started by VINOD SHARMA in F:\Depaul study\Quarter 3\SE 452 Object Oriented Enterprise computing\Project code\se452-banking-management-system\Bank-Management)
2024-06-07T03:20:07.374-05:00  INFO 32452 --- [           main] c.b.m.BankManagementApplicationTests     : The following 1 profile is active: "prod"
2024-06-07T03:20:07.982-05:00  INFO 32452 --- [           main] .s.d.r.c.RepositoryConfigurationDelegate : Bootstrapping Spring Data JPA repositories in DEFAULT mode.
2024-06-07T03:20:08.018-05:00  INFO 32452 --- [           main] .s.d.r.c.RepositoryConfigurationDelegate : Finished Spring Data repository scanning in 35 ms. Found 10 JPA repository interfaces.
2024-06-07T03:20:08.290-05:00  INFO 32452 --- [           main] o.h.j.i.u.LogHelper                      : HHH000204: Processing PersistenceUnitInfo [name: default]
2024-06-07T03:20:08.295-05:00  INFO 32452 --- [           main] o.h.c.i.RegionFactoryInitiator           : HHH000026: Second-level cache disabled
2024-06-07T03:20:08.303-05:00  INFO 32452 --- [           main] o.s.o.j.p.SpringPersistenceUnitInfo      : No LoadTimeWeaver setup: ignoring JPA class transformer
2024-06-07T03:20:08.308-05:00  INFO 32452 --- [           main] c.z.h.HikariDataSource                   : HikariPool-1 - Starting...
2024-06-07T03:20:08.333-05:00  INFO 32452 --- [           main] c.z.h.p.HikariPool                       : HikariPool-1 - Added connection conn6: url=jdbc:h2:mem:bank user=SA
2024-06-07T03:20:08.336-05:00  INFO 32452 --- [           main] c.z.h.HikariDataSource                   : HikariPool-1 - Start completed.
2024-06-07T03:20:08.349-05:00  WARN 32452 --- [           main] o.h.o.deprecation                        : HHH90000025: H2Dialect does not need to be specified explicitly using 'hibernate.dialect' (remove the property setting and it will be selected by default)
2024-06-07T03:20:08.698-05:00  INFO 32452 --- [           main] o.h.e.t.j.p.i.JtaPlatformInitiator       : HHH000489: No JTA platform available (set 'hibernate.transaction.jta.platform' to enable JTA platform integration)
Hibernate: drop table if exists account cascade 
Hibernate: drop table if exists balance_enquiry cascade 
Hibernate: drop table if exists customer cascade 
Hibernate: drop table if exists dashboard cascade 
Hibernate: drop table if exists deposit cascade 
Hibernate: drop table if exists feedback cascade 
Hibernate: drop table if exists settings cascade 
Hibernate: drop table if exists signup cascade 
Hibernate: drop table if exists transaction cascade 
Hibernate: drop table if exists transaction_history cascade 
Hibernate: drop table if exists users cascade 
Hibernate: drop table if exists withdraw cascade 
Hibernate: create table account (balance float(53), account_id bigint generated by default as identity, creation_date timestamp(6), account_number varchar(255) unique, account_type varchar(255), primary key (account_id))
Hibernate: create table balance_enquiry (balance float(53) not null, account_id bigint generated by default as identity, account_number varchar(255) not null unique, currency varchar(255) not null, primary key (account_id))
Hibernate: create table customer (customer_id bigint generated by default as identity, address varchar(255), first_name varchar(255), last_name varchar(255), zip_code varchar(255), primary key (customer_id))
Hibernate: create table dashboard (number_of_transactions integer, number_of_withdrawals integer, total_balance float(53), total_deposits float(53), id bigint generated by default as identity, primary key (id))
Hibernate: create table deposit (amount float(53), deposit_id bigint generated by default as identity, account_number varchar(255), deposit_date varchar(255), notes varchar(255), transaction_number varchar(255), primary key (deposit_id))
Hibernate: create table feedback (customer_name integer, phone_number float(53), account_id bigint generated by default as identity, customer_email varchar(255), explanation varchar(255), primary key (account_id))
Hibernate: create table settings (customer_name integer, phone_number float(53), account_id bigint generated by default as identity, annual_income timestamp(6), customer_address varchar(255), email_address varchar(255), primary key (account_id))
Hibernate: create table signup (creation_date timestamp(6), signup_id bigint generated by default as identity, account_type varchar(255) check (account_type in ('SAVINGS','CHECKING')), email varchar(255) unique, password varchar(255), username varchar(255), primary key (signup_id))
Hibernate: create table transaction (amount float(53), transaction_number integer, transaction_date DATE, transaction_id bigint generated by default as identity, account_number varchar(255), notes varchar(255), transaction_type varchar(255), primary key (transaction_id))
Hibernate: create table transaction_history (amount float(53), timestamp timestamp(6), transaction_id bigint generated by default as identity, account_number varchar(255), transaction_type varchar(255), primary key (transaction_id))
Hibernate: create table users (id bigint generated by default as identity, email varchar(255), full_name varchar(255) not null, username varchar(255) not null unique, primary key (id))
Hibernate: create table withdraw (amount float(53), withdraw_id bigint generated by default as identity, account_number varchar(255), notes varchar(255), transaction_number varchar(255), withdrawal_date varchar(255), withdrawal_type varchar(255), primary key (withdraw_id))
2024-06-07T03:20:08.715-05:00  INFO 32452 --- [           main] j.LocalContainerEntityManagerFactoryBean : Initialized JPA EntityManagerFactory for persistence unit 'default'
2024-06-07T03:20:09.293-05:00  WARN 32452 --- [           main] JpaBaseConfiguration$JpaWebConfiguration : spring.jpa.open-in-view is enabled by default. Therefore, database queries may be performed during view rendering. Explicitly configure spring.jpa.open-in-view to disable this warning
2024-06-07T03:20:09.874-05:00  INFO 32452 --- [           main] c.b.m.BankManagementApplicationTests     : Started BankManagementApplicationTests in 2.575 seconds (process running for 15.912)
]]></system-out>
  </testcase>
</testsuite>